<?xml version="1.0" encoding="UTF-8"?>
<!-- Generated by org.testng.reporters.JUnitXMLReporter -->
<testsuite ignored="0" hostname="DESKTOP-DJ4FDME" failures="0" tests="3" name="Default test" time="16.586" errors="0" timestamp="2024-07-10T08:02:44 IST">
  <testcase classname="org.wipro.fb.auto.testcases.LoginScenarios_DDF" name="tc01_validateloginfunc" time="0.429"/>
  <testcase classname="org.wipro.fb.auto.testcases.LoginScenarios_DDF" name="tc01_validateloginfunc" time="0.411"/>
  <testcase classname="org.wipro.fb.auto.testcases.LoginScenarios_DDF" name="tc01_validateloginfunc" time="0.482"/>
</testsuite> <!-- Default test -->
