<?xml version="1.0" encoding="UTF-8"?>
<!-- Generated by org.testng.reporters.JUnitXMLReporter -->
<testsuite ignored="2" hostname="DESKTOP-DJ4FDME" failures="0" tests="2" name="Test" time="18.256" errors="0" timestamp="2024-07-04T08:09:35 IST">
  <testcase classname="org.xyz.auto.abc.KeyboardMouse" name="handleAlerts" time="3.957"/>
  <testcase classname="org.xyz.auto.abc.KeyboardMouse" name="handleFrames" time="14.242"/>
  <testcase classname="org.xyz.auto.abc.KeyboardMouse" name="manageMouse" time="0.0">
    <ignored/>
  </testcase> <!-- manageMouse -->
  <testcase classname="org.xyz.auto.abc.KeyboardMouse" name="managekeyboard" time="0.0">
    <ignored/>
  </testcase> <!-- managekeyboard -->
</testsuite> <!-- Test -->
