<?xml version="1.0" encoding="UTF-8"?>
<!-- Generated by org.testng.reporters.JUnitXMLReporter -->
<testsuite ignored="22" hostname="DESKTOP-DJ4FDME" failures="6" tests="6" name="Test(failed)" time="0.204" errors="0" timestamp="2024-06-21T08:17:44 IST">
  <testcase classname="learnTestNG.TestScenario11" name="third_testcase" time="0.052">
    <failure type="java.lang.AssertionError" message="expected [Hello1] but found [Hello]">
      <![CDATA[java.lang.AssertionError: expected [Hello1] but found [Hello]
at learnTestNG.TestScenario11.third_testcase(TestScenario11.java:25)
at java.base/java.util.ArrayList.forEach(ArrayList.java:1511)
... Removed 33 stack frames]]>
    </failure>
  </testcase> <!-- third_testcase -->
  <testcase classname="learnTestNG.TestScenario" name="first_testcase" time="0.002">
    <failure type="java.lang.AssertionError" message="expected [Hellow World] but found [Hello]">
      <![CDATA[java.lang.AssertionError: expected [Hellow World] but found [Hello]
at learnTestNG.TestScenario.first_testcase(TestScenario.java:14)
at java.base/java.util.ArrayList.forEach(ArrayList.java:1511)
... Removed 33 stack frames]]>
    </failure>
  </testcase> <!-- first_testcase -->
  <testcase classname="learnTestNG.TestScenario6" name="fifth_testcase" time="0.003">
    <failure type="java.lang.AssertionError" message="expected [Hello1] but found [Hello]">
      <![CDATA[java.lang.AssertionError: expected [Hello1] but found [Hello]
at learnTestNG.TestScenario6.fifth_testcase(TestScenario6.java:39)
at java.base/java.util.ArrayList.forEach(ArrayList.java:1511)
... Removed 33 stack frames]]>
    </failure>
  </testcase> <!-- fifth_testcase -->
  <testcase classname="learnTestNG.TestScenario6" name="forth_testcase" time="0.004">
    <failure type="java.lang.AssertionError" message="expected [Hello1] but found [Hello]">
      <![CDATA[java.lang.AssertionError: expected [Hello1] but found [Hello]
at learnTestNG.TestScenario6.forth_testcase(TestScenario6.java:32)
at java.base/java.util.ArrayList.forEach(ArrayList.java:1511)
... Removed 33 stack frames]]>
    </failure>
  </testcase> <!-- forth_testcase -->
  <testcase classname="learnTestNG.TestScenario3" name="seven_testcase" time="0.003">
    <failure type="java.lang.AssertionError" message="expected [Hello1] but found [Hello]">
      <![CDATA[java.lang.AssertionError: expected [Hello1] but found [Hello]
at learnTestNG.TestScenario3.seven_testcase(TestScenario3.java:51)
at java.base/java.util.ArrayList.forEach(ArrayList.java:1511)
... Removed 33 stack frames]]>
    </failure>
  </testcase> <!-- seven_testcase -->
  <testcase classname="learnTestNG.TestScenario3" name="forth_testcase" time="0.001">
    <failure type="java.lang.AssertionError" message="expected [Hello1] but found [Hello]">
      <![CDATA[java.lang.AssertionError: expected [Hello1] but found [Hello]
at learnTestNG.TestScenario3.forth_testcase(TestScenario3.java:31)
at java.base/java.util.ArrayList.forEach(ArrayList.java:1511)
... Removed 33 stack frames]]>
    </failure>
  </testcase> <!-- forth_testcase -->
  <testcase classname="learnTestNG.TestScenario3" name="third_testcase" time="0.0">
    <ignored/>
  </testcase> <!-- third_testcase -->
  <testcase classname="learnTestNG.TestScenario11" name="six_testcase" time="0.0">
    <ignored/>
  </testcase> <!-- six_testcase -->
  <testcase classname="learnTestNG.TestScenario6" name="second_testcase" time="0.0">
    <ignored/>
  </testcase> <!-- second_testcase -->
  <testcase classname="learnTestNG.TestScenario" name="forth_testcase" time="0.0">
    <ignored/>
  </testcase> <!-- forth_testcase -->
  <testcase classname="learnTestNG.TestScenario6" name="seven_testcase" time="0.0">
    <ignored/>
  </testcase> <!-- seven_testcase -->
  <testcase classname="learnTestNG.TestScenario3" name="second_testcase" time="0.0">
    <ignored/>
  </testcase> <!-- second_testcase -->
  <testcase classname="learnTestNG.TestScenario11" name="second_testcase" time="0.0">
    <ignored/>
  </testcase> <!-- second_testcase -->
  <testcase classname="learnTestNG.TestScenario" name="seven_testcase" time="0.0">
    <ignored/>
  </testcase> <!-- seven_testcase -->
  <testcase classname="learnTestNG.TestScenario" name="second_testcase" time="0.0">
    <ignored/>
  </testcase> <!-- second_testcase -->
  <testcase classname="learnTestNG.TestScenario6" name="six_testcase" time="0.0">
    <ignored/>
  </testcase> <!-- six_testcase -->
  <testcase classname="learnTestNG.TestScenario3" name="six_testcase" time="0.0">
    <ignored/>
  </testcase> <!-- six_testcase -->
  <testcase classname="learnTestNG.TestScenario3" name="fifth_testcase" time="0.0">
    <ignored/>
  </testcase> <!-- fifth_testcase -->
  <testcase classname="learnTestNG.TestScenario11" name="first_testcase" time="0.0">
    <ignored/>
  </testcase> <!-- first_testcase -->
  <testcase classname="learnTestNG.TestScenario6" name="third_testcase" time="0.0">
    <ignored/>
  </testcase> <!-- third_testcase -->
  <testcase classname="learnTestNG.TestScenario" name="fifth_testcase" time="0.0">
    <ignored/>
  </testcase> <!-- fifth_testcase -->
  <testcase classname="learnTestNG.TestScenario" name="six_testcase" time="0.0">
    <ignored/>
  </testcase> <!-- six_testcase -->
  <testcase classname="learnTestNG.TestScenario6" name="first_testcase" time="0.0">
    <ignored/>
  </testcase> <!-- first_testcase -->
  <testcase classname="learnTestNG.TestScenario11" name="seven_testcase" time="0.0">
    <ignored/>
  </testcase> <!-- seven_testcase -->
  <testcase classname="learnTestNG.TestScenario11" name="fifth_testcase" time="0.0">
    <ignored/>
  </testcase> <!-- fifth_testcase -->
  <testcase classname="learnTestNG.TestScenario3" name="first_testcase" time="0.0">
    <ignored/>
  </testcase> <!-- first_testcase -->
  <testcase classname="learnTestNG.TestScenario" name="third_testcase" time="0.0">
    <ignored/>
  </testcase> <!-- third_testcase -->
  <testcase classname="learnTestNG.TestScenario11" name="forth_testcase" time="0.0">
    <ignored/>
  </testcase> <!-- forth_testcase -->
</testsuite> <!-- Test(failed) -->
